<?xml version="1.0" encoding="UTF-8"?>
<testsuite xmlns:xsi="http://www.w3.org/2001/XMLSchema-instance" xsi:noNamespaceSchemaLocation="https://maven.apache.org/surefire/maven-surefire-plugin/xsd/surefire-test-report-3.0.xsd" version="3.0" name="com.w_b_l.WebBrowerLoginApplicationTests" time="20.079" tests="1" errors="0" skipped="0" failures="0">
  <properties>
[...]
</properties>
  <testcase name="contextLoads" classname="com.w_b_l.WebBrowerLoginApplicationTests" time="3.018">
    <system-out><![CDATA[17:35:41.995 [main] INFO org.springframework.test.context.support.AnnotationConfigContextLoaderUtils -- Could not detect default configuration classes for test class [com.w_b_l.WebBrowerLoginApplicationTests]: WebBrowerLoginApplicationTests does not declare any static, non-private, non-final, nested classes annotated with @Configuration.
17:35:42.364 [main] INFO org.springframework.boot.test.context.SpringBootTestContextBootstrapper -- Found @SpringBootConfiguration com.w_b_l.WebBrowerLoginApplication for test class com.w_b_l.WebBrowerLoginApplicationTests

  .   ____          _            __ _ _
 /\\ / ___'_ __ _ _(_)_ __  __ _ \ \ \ \
( ( )\___ | '_ | '_| | '_ \/ _` | \ \ \ \
 \\/  ___)| |_)| | | | | || (_| |  ) ) ) )
  '  |____| .__|_| |_|_| |_\__, | / / / /
 =========|_|==============|___/=/_/_/_/
 :: Spring Boot ::                (v3.1.5)

2023-11-22T17:35:43.928+05:30  INFO 8332 --- [           main] c.w_b_l.WebBrowerLoginApplicationTests   : Starting WebBrowerLoginApplicationTests using Java 17.0.7 with PID 8332 (started by DELL in C:\Users\DELL\.sts4\Employee_Registration)
2023-11-22T17:35:43.932+05:30  INFO 8332 --- [           main] c.w_b_l.WebBrowerLoginApplicationTests   : No active profile set, falling back to 1 default profile: "default"
2023-11-22T17:35:46.463+05:30  INFO 8332 --- [           main] .s.d.r.c.RepositoryConfigurationDelegate : Bootstrapping Spring Data JPA repositories in DEFAULT mode.
2023-11-22T17:35:46.687+05:30  INFO 8332 --- [           main] .s.d.r.c.RepositoryConfigurationDelegate : Finished Spring Data repository scanning in 182 ms. Found 1 JPA repository interfaces.
2023-11-22T17:35:48.939+05:30  INFO 8332 --- [           main] o.hibernate.jpa.internal.util.LogHelper  : HHH000204: Processing PersistenceUnitInfo [name: default]
2023-11-22T17:35:49.264+05:30  INFO 8332 --- [           main] org.hibernate.Version                    : HHH000412: Hibernate ORM core version 6.2.13.Final
2023-11-22T17:35:49.272+05:30  INFO 8332 --- [           main] org.hibernate.cfg.Environment            : HHH000406: Using bytecode reflection optimizer
2023-11-22T17:35:50.356+05:30  INFO 8332 --- [           main] o.s.o.j.p.SpringPersistenceUnitInfo      : No LoadTimeWeaver setup: ignoring JPA class transformer
2023-11-22T17:35:50.428+05:30  INFO 8332 --- [           main] com.zaxxer.hikari.HikariDataSource       : HikariPool-1 - Starting...
2023-11-22T17:35:51.987+05:30  INFO 8332 --- [           main] com.zaxxer.hikari.pool.HikariPool        : HikariPool-1 - Added connection com.mysql.cj.jdbc.ConnectionImpl@64ec1459
2023-11-22T17:35:51.991+05:30  INFO 8332 --- [           main] com.zaxxer.hikari.HikariDataSource       : HikariPool-1 - Start completed.
2023-11-22T17:35:52.216+05:30  WARN 8332 --- [           main] org.hibernate.orm.deprecation            : HHH90000025: MySQL8Dialect does not need to be specified explicitly using 'hibernate.dialect' (remove the property setting and it will be selected by default)
2023-11-22T17:35:52.220+05:30  WARN 8332 --- [           main] org.hibernate.orm.deprecation            : HHH90000026: MySQL8Dialect has been deprecated; use org.hibernate.dialect.MySQLDialect instead
2023-11-22T17:35:55.135+05:30  INFO 8332 --- [           main] o.h.e.t.j.p.i.JtaPlatformInitiator       : HHH000489: No JTA platform available (set 'hibernate.transaction.jta.platform' to enable JTA platform integration)
Hibernate: drop table if exists Id_Sequence
Hibernate: drop table if exists List_Of_Employees
Hibernate: create table Id_Sequence (next_val bigint) engine=InnoDB
Hibernate: insert into Id_Sequence values ( 1 )
Hibernate: create table List_Of_Employees (empId integer not null, empPhoneNo bigint not null, empEmail varchar(255), empFirstName varchar(255), empLocation varchar(255), empPassword varchar(255), primary key (empId)) engine=InnoDB
2023-11-22T17:35:55.444+05:30  INFO 8332 --- [           main] j.LocalContainerEntityManagerFactoryBean : Initialized JPA EntityManagerFactory for persistence unit 'default'
2023-11-22T17:35:56.918+05:30  WARN 8332 --- [           main] JpaBaseConfiguration$JpaWebConfiguration : spring.jpa.open-in-view is enabled by default. Therefore, database queries may be performed during view rendering. Explicitly configure spring.jpa.open-in-view to disable this warning
2023-11-22T17:35:58.200+05:30  INFO 8332 --- [           main] c.w_b_l.WebBrowerLoginApplicationTests   : Started WebBrowerLoginApplicationTests in 15.224 seconds (process running for 19.467)
]]></system-out>
  </testcase>
</testsuite>